timestamp: 2015-02-10T23:40:25.984197
CREATE TABLE auth_user(
    id INTEGER PRIMARY KEY AUTOINCREMENT,
    first_name CHAR(128),
    last_name CHAR(128),
    email CHAR(512),
    password CHAR(512),
    registration_key CHAR(512),
    reset_password_key CHAR(512),
    registration_id CHAR(512)
);
success!
timestamp: 2015-02-10T23:40:25.996401
CREATE TABLE auth_group(
    id INTEGER PRIMARY KEY AUTOINCREMENT,
    role CHAR(512),
    description TEXT
);
success!
timestamp: 2015-02-10T23:40:26.003486
CREATE TABLE auth_membership(
    id INTEGER PRIMARY KEY AUTOINCREMENT,
    user_id INTEGER REFERENCES auth_user (id) ON DELETE CASCADE,
    group_id INTEGER REFERENCES auth_group (id) ON DELETE CASCADE
);
success!
timestamp: 2015-02-10T23:40:26.009888
CREATE TABLE auth_permission(
    id INTEGER PRIMARY KEY AUTOINCREMENT,
    group_id INTEGER REFERENCES auth_group (id) ON DELETE CASCADE,
    name CHAR(512),
    table_name CHAR(512),
    record_id INTEGER
);
success!
timestamp: 2015-02-10T23:40:26.017487
CREATE TABLE auth_event(
    id INTEGER PRIMARY KEY AUTOINCREMENT,
    time_stamp TIMESTAMP,
    client_ip CHAR(512),
    user_id INTEGER REFERENCES auth_user (id) ON DELETE CASCADE,
    origin CHAR(512),
    description TEXT
);
success!
timestamp: 2015-02-10T23:40:26.027052
CREATE TABLE auth_cas(
    id INTEGER PRIMARY KEY AUTOINCREMENT,
    user_id INTEGER REFERENCES auth_user (id) ON DELETE CASCADE,
    created_on TIMESTAMP,
    service CHAR(512),
    ticket CHAR(512),
    renew CHAR(1)
);
success!
timestamp: 2015-02-10T23:40:26.034601
CREATE TABLE Input_Data(
    id INTEGER PRIMARY KEY AUTOINCREMENT,
    Value TEXT
);
success!
timestamp: 2015-02-10T23:40:26.042912
CREATE TABLE Simulation(
    id INTEGER PRIMARY KEY AUTOINCREMENT,
    Date TIMESTAMP,
    Algorithm CHAR(512),
    Input_Data INTEGER REFERENCES Input_Data (id) ON DELETE CASCADE,
    Result CHAR(512),
    Owner INTEGER REFERENCES auth_user (id) ON DELETE CASCADE
);
success!
timestamp: 2015-02-10T23:40:26.054829
CREATE TABLE Log(
    id INTEGER PRIMARY KEY AUTOINCREMENT,
    Simulation INTEGER REFERENCES Simulation (id) ON DELETE CASCADE,
    Content CHAR(512),
    Owner INTEGER REFERENCES auth_user (id) ON DELETE CASCADE
);
success!
timestamp: 2015-02-10T23:40:26.064889
CREATE TABLE Plot(
    id INTEGER PRIMARY KEY AUTOINCREMENT,
    Simulation INTEGER REFERENCES Simulation (id) ON DELETE CASCADE,
    Plot CHAR(512),
    Owner INTEGER REFERENCES auth_user (id) ON DELETE CASCADE
);
success!
timestamp: 2015-02-10T23:40:26.075348
CREATE TABLE scheduler_task(
    id INTEGER PRIMARY KEY AUTOINCREMENT,
    application_name CHAR(512),
    task_name CHAR(512),
    group_name CHAR(512),
    status CHAR(512),
    function_name CHAR(512),
    uuid CHAR(255) UNIQUE,
    args TEXT,
    vars TEXT,
    enabled CHAR(1),
    start_time TIMESTAMP,
    next_run_time TIMESTAMP,
    stop_time TIMESTAMP,
    repeats INTEGER,
    retry_failed INTEGER,
    period INTEGER,
    prevent_drift CHAR(1),
    timeout INTEGER,
    sync_output INTEGER,
    times_run INTEGER,
    times_failed INTEGER,
    last_run_time TIMESTAMP,
    assigned_worker_name CHAR(512)
);
success!
timestamp: 2015-02-10T23:40:26.084331
CREATE TABLE scheduler_run(
    id INTEGER PRIMARY KEY AUTOINCREMENT,
    task_id INTEGER REFERENCES scheduler_task (id) ON DELETE CASCADE,
    status CHAR(512),
    start_time TIMESTAMP,
    stop_time TIMESTAMP,
    run_output TEXT,
    run_result TEXT,
    traceback TEXT,
    worker_name CHAR(512)
);
success!
timestamp: 2015-02-10T23:40:26.093722
CREATE TABLE scheduler_worker(
    id INTEGER PRIMARY KEY AUTOINCREMENT,
    worker_name CHAR(255) UNIQUE,
    first_heartbeat TIMESTAMP,
    last_heartbeat TIMESTAMP,
    status CHAR(512),
    is_ticker CHAR(1),
    group_names TEXT,
    worker_stats TEXT
);
success!
timestamp: 2015-02-10T23:40:26.102078
CREATE TABLE scheduler_task_deps(
    id INTEGER PRIMARY KEY AUTOINCREMENT,
    job_name CHAR(512),
    task_parent INTEGER,
    task_child INTEGER REFERENCES scheduler_task (id) ON DELETE CASCADE,
    can_visit CHAR(1)
);
success!
